<?xml version="1.0" encoding="UTF-8"?>
<!-- Generated by org.testng.reporters.JUnitReportReporter -->
<testsuite skipped="0" hostname="DESKTOP-D2TEAUT" name="test.LoginTest" tests="1" failures="0" timestamp="2020-07-19T18:21:50 CDT" time="15.008" errors="0">
  <testcase name="techfiosLogin" time="15.008" classname="test.LoginTest"/>
</testsuite> <!-- test.LoginTest -->
